<?xml version="1.0" encoding="UTF-8"?>
<!-- Generated by org.testng.reporters.JUnitReportReporter -->
<testsuite hostname="DESKTOP-JOHPB4K" failures="0" tests="1" name="OrangeHRMTest.TestCase1" time="17.084" errors="0" timestamp="2024-01-09T21:42:58 IST" skipped="0">
  <testcase classname="OrangeHRMTest.TestCase1" name="TC_01" time="17.084"/>
  <system-out/>
</testsuite> <!-- OrangeHRMTest.TestCase1 -->
