<?xml version="1.0" encoding="UTF-8"?>
<!-- Generated by org.testng.reporters.JUnitReportReporter -->
<testsuite hostname="DESKTOP-JOHPB4K" failures="0" tests="1" name="TestNgTest.BaseSelenium" time="0.259" errors="0" timestamp="2024-01-09T21:25:33 IST" skipped="0">
  <testcase classname="TestNgTest.BaseSelenium" name="Login" time="0.259"/>
  <system-out/>
</testsuite> <!-- TestNgTest.BaseSelenium -->
